[2025-07-18T04:48:25.691+0000] {taskinstance.py:1083} INFO - Dependencies all met for <TaskInstance: batch_etl_pyspark.run_pyspark_etl manual__2025-07-18T04:43:13.043496+00:00 [queued]>
[2025-07-18T04:48:25.746+0000] {taskinstance.py:1083} INFO - Dependencies all met for <TaskInstance: batch_etl_pyspark.run_pyspark_etl manual__2025-07-18T04:43:13.043496+00:00 [queued]>
[2025-07-18T04:48:25.748+0000] {taskinstance.py:1279} INFO - 
--------------------------------------------------------------------------------
[2025-07-18T04:48:25.749+0000] {taskinstance.py:1280} INFO - Starting attempt 2 of 2
[2025-07-18T04:48:25.751+0000] {taskinstance.py:1281} INFO - 
--------------------------------------------------------------------------------
[2025-07-18T04:48:25.832+0000] {taskinstance.py:1300} INFO - Executing <Task(BashOperator): run_pyspark_etl> on 2025-07-18 04:43:13.043496+00:00
[2025-07-18T04:48:25.857+0000] {standard_task_runner.py:55} INFO - Started process 403 to run task
[2025-07-18T04:48:25.884+0000] {standard_task_runner.py:82} INFO - Running: ['***', 'tasks', 'run', 'batch_etl_pyspark', 'run_pyspark_etl', 'manual__2025-07-18T04:43:13.043496+00:00', '--job-id', '15', '--raw', '--subdir', 'DAGS_FOLDER/batch_etl_dag.py', '--cfg-path', '/tmp/tmp9npehi6g']
[2025-07-18T04:48:25.928+0000] {standard_task_runner.py:83} INFO - Job 15: Subtask run_pyspark_etl
[2025-07-18T04:48:26.279+0000] {task_command.py:388} INFO - Running <TaskInstance: batch_etl_pyspark.run_pyspark_etl manual__2025-07-18T04:43:13.043496+00:00 [running]> on host e9b356fbebf4
[2025-07-18T04:48:26.811+0000] {taskinstance.py:1509} INFO - Exporting the following env vars:
AIRFLOW_CTX_DAG_OWNER=***
AIRFLOW_CTX_DAG_ID=batch_etl_pyspark
AIRFLOW_CTX_TASK_ID=run_pyspark_etl
AIRFLOW_CTX_EXECUTION_DATE=2025-07-18T04:43:13.043496+00:00
AIRFLOW_CTX_TRY_NUMBER=2
AIRFLOW_CTX_DAG_RUN_ID=manual__2025-07-18T04:43:13.043496+00:00
[2025-07-18T04:48:26.816+0000] {subprocess.py:63} INFO - Tmp dir root location: 
 /tmp
[2025-07-18T04:48:26.830+0000] {subprocess.py:75} INFO - Running command: ['/bin/bash', '-c', 'spark-submit /opt/***/pyspark_scripts/batch_etl_day.py']
[2025-07-18T04:48:26.873+0000] {subprocess.py:86} INFO - Output:
[2025-07-18T04:48:27.564+0000] {subprocess.py:93} INFO - /home/***/.local/lib/python3.7/site-packages/pyspark/bin/load-spark-env.sh: line 68: ps: command not found
[2025-07-18T04:48:27.570+0000] {subprocess.py:93} INFO - JAVA_HOME is not set
[2025-07-18T04:48:27.573+0000] {subprocess.py:97} INFO - Command exited with return code 1
[2025-07-18T04:48:27.646+0000] {taskinstance.py:1768} ERROR - Task failed with exception
Traceback (most recent call last):
  File "/home/airflow/.local/lib/python3.7/site-packages/airflow/operators/bash.py", line 197, in execute
    f"Bash command failed. The command returned a non-zero exit code {result.exit_code}."
airflow.exceptions.AirflowException: Bash command failed. The command returned a non-zero exit code 1.
[2025-07-18T04:48:27.661+0000] {taskinstance.py:1323} INFO - Marking task as FAILED. dag_id=batch_etl_pyspark, task_id=run_pyspark_etl, execution_date=20250718T044313, start_date=20250718T044825, end_date=20250718T044827
[2025-07-18T04:48:27.728+0000] {standard_task_runner.py:105} ERROR - Failed to execute job 15 for task run_pyspark_etl (Bash command failed. The command returned a non-zero exit code 1.; 403)
[2025-07-18T04:48:27.800+0000] {local_task_job.py:208} INFO - Task exited with return code 1
[2025-07-18T04:48:27.935+0000] {taskinstance.py:2578} INFO - 0 downstream tasks scheduled from follow-on schedule check
