[2025-07-18T04:36:42.199+0000] {taskinstance.py:1083} INFO - Dependencies all met for <TaskInstance: batch_etl_pyspark.run_pyspark_etl manual__2025-07-18T04:36:35.189581+00:00 [queued]>
[2025-07-18T04:36:42.530+0000] {taskinstance.py:1083} INFO - Dependencies all met for <TaskInstance: batch_etl_pyspark.run_pyspark_etl manual__2025-07-18T04:36:35.189581+00:00 [queued]>
[2025-07-18T04:36:42.535+0000] {taskinstance.py:1279} INFO - 
--------------------------------------------------------------------------------
[2025-07-18T04:36:42.560+0000] {taskinstance.py:1280} INFO - Starting attempt 1 of 2
[2025-07-18T04:36:42.584+0000] {taskinstance.py:1281} INFO - 
--------------------------------------------------------------------------------
[2025-07-18T04:36:43.001+0000] {taskinstance.py:1300} INFO - Executing <Task(BashOperator): run_pyspark_etl> on 2025-07-18 04:36:35.189581+00:00
[2025-07-18T04:36:43.117+0000] {standard_task_runner.py:55} INFO - Started process 250 to run task
[2025-07-18T04:36:43.216+0000] {standard_task_runner.py:82} INFO - Running: ['***', 'tasks', 'run', 'batch_etl_pyspark', 'run_pyspark_etl', 'manual__2025-07-18T04:36:35.189581+00:00', '--job-id', '11', '--raw', '--subdir', 'DAGS_FOLDER/batch_etl_dag.py', '--cfg-path', '/tmp/tmplnv19nwf']
[2025-07-18T04:36:43.281+0000] {standard_task_runner.py:83} INFO - Job 11: Subtask run_pyspark_etl
[2025-07-18T04:36:44.452+0000] {task_command.py:388} INFO - Running <TaskInstance: batch_etl_pyspark.run_pyspark_etl manual__2025-07-18T04:36:35.189581+00:00 [running]> on host e9b356fbebf4
[2025-07-18T04:36:45.102+0000] {taskinstance.py:1509} INFO - Exporting the following env vars:
AIRFLOW_CTX_DAG_OWNER=***
AIRFLOW_CTX_DAG_ID=batch_etl_pyspark
AIRFLOW_CTX_TASK_ID=run_pyspark_etl
AIRFLOW_CTX_EXECUTION_DATE=2025-07-18T04:36:35.189581+00:00
AIRFLOW_CTX_TRY_NUMBER=1
AIRFLOW_CTX_DAG_RUN_ID=manual__2025-07-18T04:36:35.189581+00:00
[2025-07-18T04:36:45.121+0000] {subprocess.py:63} INFO - Tmp dir root location: 
 /tmp
[2025-07-18T04:36:45.129+0000] {subprocess.py:75} INFO - Running command: ['/bin/bash', '-c', 'docker exec bp22_spark spark-submit /opt/bitnami/spark/scripts/batch_etl_day.py']
[2025-07-18T04:36:45.206+0000] {subprocess.py:86} INFO - Output:
[2025-07-18T04:37:13.968+0000] {subprocess.py:93} INFO - Exception in thread "main" java.lang.IllegalArgumentException: basedir must be absolute: ?/.ivy2/local
[2025-07-18T04:37:13.975+0000] {subprocess.py:93} INFO - 	at org.apache.ivy.util.Checks.checkAbsolute(Checks.java:48)
[2025-07-18T04:37:13.985+0000] {subprocess.py:93} INFO - 	at org.apache.ivy.plugins.repository.file.FileRepository.setBaseDir(FileRepository.java:137)
[2025-07-18T04:37:14.008+0000] {subprocess.py:93} INFO - 	at org.apache.ivy.plugins.repository.file.FileRepository.<init>(FileRepository.java:44)
[2025-07-18T04:37:14.013+0000] {subprocess.py:93} INFO - 	at org.apache.spark.deploy.SparkSubmitUtils$.createRepoResolvers(SparkSubmit.scala:1274)
[2025-07-18T04:37:14.014+0000] {subprocess.py:93} INFO - 	at org.apache.spark.deploy.SparkSubmitUtils$.buildIvySettings(SparkSubmit.scala:1381)
[2025-07-18T04:37:14.018+0000] {subprocess.py:93} INFO - 	at org.apache.spark.util.DependencyUtils$.resolveMavenDependencies(DependencyUtils.scala:182)
[2025-07-18T04:37:14.019+0000] {subprocess.py:93} INFO - 	at org.apache.spark.deploy.SparkSubmit.prepareSubmitEnvironment(SparkSubmit.scala:339)
[2025-07-18T04:37:14.020+0000] {subprocess.py:93} INFO - 	at org.apache.spark.deploy.SparkSubmit.org$apache$spark$deploy$SparkSubmit$$runMain(SparkSubmit.scala:969)
[2025-07-18T04:37:14.024+0000] {subprocess.py:93} INFO - 	at org.apache.spark.deploy.SparkSubmit.doRunMain$1(SparkSubmit.scala:199)
[2025-07-18T04:37:14.025+0000] {subprocess.py:93} INFO - 	at org.apache.spark.deploy.SparkSubmit.submit(SparkSubmit.scala:222)
[2025-07-18T04:37:14.027+0000] {subprocess.py:93} INFO - 	at org.apache.spark.deploy.SparkSubmit.doSubmit(SparkSubmit.scala:91)
[2025-07-18T04:37:14.034+0000] {subprocess.py:93} INFO - 	at org.apache.spark.deploy.SparkSubmit$$anon$2.doSubmit(SparkSubmit.scala:1125)
[2025-07-18T04:37:14.036+0000] {subprocess.py:93} INFO - 	at org.apache.spark.deploy.SparkSubmit$.main(SparkSubmit.scala:1134)
[2025-07-18T04:37:14.042+0000] {subprocess.py:93} INFO - 	at org.apache.spark.deploy.SparkSubmit.main(SparkSubmit.scala)
[2025-07-18T04:37:14.145+0000] {subprocess.py:97} INFO - Command exited with return code 1
[2025-07-18T04:37:14.310+0000] {taskinstance.py:1768} ERROR - Task failed with exception
Traceback (most recent call last):
  File "/home/airflow/.local/lib/python3.7/site-packages/airflow/operators/bash.py", line 197, in execute
    f"Bash command failed. The command returned a non-zero exit code {result.exit_code}."
airflow.exceptions.AirflowException: Bash command failed. The command returned a non-zero exit code 1.
[2025-07-18T04:37:14.358+0000] {taskinstance.py:1323} INFO - Marking task as UP_FOR_RETRY. dag_id=batch_etl_pyspark, task_id=run_pyspark_etl, execution_date=20250718T043635, start_date=20250718T043642, end_date=20250718T043714
[2025-07-18T04:37:14.539+0000] {standard_task_runner.py:105} ERROR - Failed to execute job 11 for task run_pyspark_etl (Bash command failed. The command returned a non-zero exit code 1.; 250)
[2025-07-18T04:37:14.613+0000] {local_task_job.py:208} INFO - Task exited with return code 1
[2025-07-18T04:37:14.772+0000] {taskinstance.py:2578} INFO - 0 downstream tasks scheduled from follow-on schedule check
