[2025-07-18T04:15:27.112+0000] {taskinstance.py:1083} INFO - Dependencies all met for <TaskInstance: batch_etl_pyspark.run_pyspark_etl scheduled__2025-07-17T00:00:00+00:00 [queued]>
[2025-07-18T04:15:27.212+0000] {taskinstance.py:1083} INFO - Dependencies all met for <TaskInstance: batch_etl_pyspark.run_pyspark_etl scheduled__2025-07-17T00:00:00+00:00 [queued]>
[2025-07-18T04:15:27.215+0000] {taskinstance.py:1279} INFO - 
--------------------------------------------------------------------------------
[2025-07-18T04:15:27.228+0000] {taskinstance.py:1280} INFO - Starting attempt 1 of 2
[2025-07-18T04:15:27.229+0000] {taskinstance.py:1281} INFO - 
--------------------------------------------------------------------------------
[2025-07-18T04:15:27.478+0000] {taskinstance.py:1300} INFO - Executing <Task(BashOperator): run_pyspark_etl> on 2025-07-17 00:00:00+00:00
[2025-07-18T04:15:27.604+0000] {standard_task_runner.py:55} INFO - Started process 258 to run task
[2025-07-18T04:15:27.683+0000] {standard_task_runner.py:82} INFO - Running: ['***', 'tasks', 'run', 'batch_etl_pyspark', 'run_pyspark_etl', 'scheduled__2025-07-17T00:00:00+00:00', '--job-id', '3', '--raw', '--subdir', 'DAGS_FOLDER/batch_etl_dag.py', '--cfg-path', '/tmp/tmp6htkyg19']
[2025-07-18T04:15:27.720+0000] {standard_task_runner.py:83} INFO - Job 3: Subtask run_pyspark_etl
[2025-07-18T04:15:29.366+0000] {task_command.py:388} INFO - Running <TaskInstance: batch_etl_pyspark.run_pyspark_etl scheduled__2025-07-17T00:00:00+00:00 [running]> on host f5e43c0cbf33
[2025-07-18T04:15:30.477+0000] {taskinstance.py:1509} INFO - Exporting the following env vars:
AIRFLOW_CTX_DAG_OWNER=***
AIRFLOW_CTX_DAG_ID=batch_etl_pyspark
AIRFLOW_CTX_TASK_ID=run_pyspark_etl
AIRFLOW_CTX_EXECUTION_DATE=2025-07-17T00:00:00+00:00
AIRFLOW_CTX_TRY_NUMBER=1
AIRFLOW_CTX_DAG_RUN_ID=scheduled__2025-07-17T00:00:00+00:00
[2025-07-18T04:15:30.485+0000] {subprocess.py:63} INFO - Tmp dir root location: 
 /tmp
[2025-07-18T04:15:30.494+0000] {subprocess.py:75} INFO - Running command: ['/bin/bash', '-c', 'spark-submit /opt/***/pyspark_scripts/batch_etl_day.py']
[2025-07-18T04:15:30.611+0000] {subprocess.py:86} INFO - Output:
[2025-07-18T04:15:32.177+0000] {subprocess.py:93} INFO - /home/***/.local/lib/python3.7/site-packages/pyspark/bin/load-spark-env.sh: line 68: ps: command not found
[2025-07-18T04:15:32.202+0000] {subprocess.py:93} INFO - JAVA_HOME is not set
[2025-07-18T04:15:32.215+0000] {subprocess.py:97} INFO - Command exited with return code 1
[2025-07-18T04:15:32.381+0000] {taskinstance.py:1768} ERROR - Task failed with exception
Traceback (most recent call last):
  File "/home/airflow/.local/lib/python3.7/site-packages/airflow/operators/bash.py", line 197, in execute
    f"Bash command failed. The command returned a non-zero exit code {result.exit_code}."
airflow.exceptions.AirflowException: Bash command failed. The command returned a non-zero exit code 1.
[2025-07-18T04:15:32.435+0000] {taskinstance.py:1323} INFO - Marking task as UP_FOR_RETRY. dag_id=batch_etl_pyspark, task_id=run_pyspark_etl, execution_date=20250717T000000, start_date=20250718T041527, end_date=20250718T041532
[2025-07-18T04:15:32.640+0000] {standard_task_runner.py:105} ERROR - Failed to execute job 3 for task run_pyspark_etl (Bash command failed. The command returned a non-zero exit code 1.; 258)
[2025-07-18T04:15:33.036+0000] {local_task_job.py:208} INFO - Task exited with return code 1
[2025-07-18T04:15:33.186+0000] {taskinstance.py:2578} INFO - 0 downstream tasks scheduled from follow-on schedule check
